<?xml version="1.0" encoding="UTF-8"?>
<testsuite xmlns:xsi="http://www.w3.org/2001/XMLSchema-instance" xsi:noNamespaceSchemaLocation="https://maven.apache.org/surefire/maven-surefire-plugin/xsd/surefire-test-report.xsd" name="ml.ulinom.dorm.DormApplicationTests" time="9.225" tests="1" errors="0" skipped="0" failures="0">
  <properties>
    <property name="gopherProxySet" value="false"/>
    <property name="awt.toolkit" value="sun.lwawt.macosx.LWCToolkit"/>
    <property name="socksProxyHost" value="127.0.0.1"/>
    <property name="http.proxyHost" value="127.0.0.1"/>
    <property name="java.specification.version" value="1.8"/>
    <property name="file.encoding.pkg" value="sun.io"/>
    <property name="sun.cpu.isalist" value=""/>
    <property name="sun.jnu.encoding" value="UTF-8"/>
    <property name="java.class.path" value="/Users/xiaoshengsen/Downloads/GitHub/dorm_sb/target/test-classes:/Users/xiaoshengsen/Downloads/GitHub/dorm_sb/target/classes:/Users/xiaoshengsen/repository/org/springframework/boot/spring-boot-starter-web/2.7.2/spring-boot-starter-web-2.7.2.jar:/Users/xiaoshengsen/repository/org/springframework/boot/spring-boot-starter/2.7.2/spring-boot-starter-2.7.2.jar:/Users/xiaoshengsen/repository/org/springframework/boot/spring-boot-starter-logging/2.7.2/spring-boot-starter-logging-2.7.2.jar:/Users/xiaoshengsen/repository/ch/qos/logback/logback-classic/1.2.11/logback-classic-1.2.11.jar:/Users/xiaoshengsen/repository/ch/qos/logback/logback-core/1.2.11/logback-core-1.2.11.jar:/Users/xiaoshengsen/repository/org/apache/logging/log4j/log4j-to-slf4j/2.17.2/log4j-to-slf4j-2.17.2.jar:/Users/xiaoshengsen/repository/org/apache/logging/log4j/log4j-api/2.17.2/log4j-api-2.17.2.jar:/Users/xiaoshengsen/repository/org/slf4j/jul-to-slf4j/1.7.36/jul-to-slf4j-1.7.36.jar:/Users/xiaoshengsen/repository/jakarta/annotation/jakarta.annotation-api/1.3.5/jakarta.annotation-api-1.3.5.jar:/Users/xiaoshengsen/repository/org/yaml/snakeyaml/1.30/snakeyaml-1.30.jar:/Users/xiaoshengsen/repository/org/springframework/boot/spring-boot-starter-json/2.7.2/spring-boot-starter-json-2.7.2.jar:/Users/xiaoshengsen/repository/com/fasterxml/jackson/core/jackson-databind/2.13.3/jackson-databind-2.13.3.jar:/Users/xiaoshengsen/repository/com/fasterxml/jackson/core/jackson-core/2.13.3/jackson-core-2.13.3.jar:/Users/xiaoshengsen/repository/com/fasterxml/jackson/datatype/jackson-datatype-jdk8/2.13.3/jackson-datatype-jdk8-2.13.3.jar:/Users/xiaoshengsen/repository/com/fasterxml/jackson/datatype/jackson-datatype-jsr310/2.13.3/jackson-datatype-jsr310-2.13.3.jar:/Users/xiaoshengsen/repository/com/fasterxml/jackson/module/jackson-module-parameter-names/2.13.3/jackson-module-parameter-names-2.13.3.jar:/Users/xiaoshengsen/repository/org/springframework/boot/spring-boot-starter-tomcat/2.7.2/spring-boot-starter-tomcat-2.7.2.jar:/Users/xiaoshengsen/repository/org/apache/tomcat/embed/tomcat-embed-el/9.0.65/tomcat-embed-el-9.0.65.jar:/Users/xiaoshengsen/repository/org/apache/tomcat/embed/tomcat-embed-websocket/9.0.65/tomcat-embed-websocket-9.0.65.jar:/Users/xiaoshengsen/repository/org/springframework/spring-web/5.3.22/spring-web-5.3.22.jar:/Users/xiaoshengsen/repository/org/springframework/spring-beans/5.3.22/spring-beans-5.3.22.jar:/Users/xiaoshengsen/repository/org/springframework/spring-webmvc/5.3.22/spring-webmvc-5.3.22.jar:/Users/xiaoshengsen/repository/org/springframework/spring-aop/5.3.22/spring-aop-5.3.22.jar:/Users/xiaoshengsen/repository/org/springframework/spring-context/5.3.22/spring-context-5.3.22.jar:/Users/xiaoshengsen/repository/org/springframework/spring-expression/5.3.22/spring-expression-5.3.22.jar:/Users/xiaoshengsen/repository/com/baomidou/mybatis-plus-boot-starter/3.0.5/mybatis-plus-boot-starter-3.0.5.jar:/Users/xiaoshengsen/repository/com/baomidou/mybatis-plus/3.0.5/mybatis-plus-3.0.5.jar:/Users/xiaoshengsen/repository/com/baomidou/mybatis-plus-extension/3.0.5/mybatis-plus-extension-3.0.5.jar:/Users/xiaoshengsen/repository/com/baomidou/mybatis-plus-core/3.0.5/mybatis-plus-core-3.0.5.jar:/Users/xiaoshengsen/repository/com/baomidou/mybatis-plus-annotation/3.0.5/mybatis-plus-annotation-3.0.5.jar:/Users/xiaoshengsen/repository/com/github/jsqlparser/jsqlparser/1.2/jsqlparser-1.2.jar:/Users/xiaoshengsen/repository/org/mybatis/mybatis-spring/1.3.2/mybatis-spring-1.3.2.jar:/Users/xiaoshengsen/repository/org/mybatis/mybatis/3.4.6/mybatis-3.4.6.jar:/Users/xiaoshengsen/repository/com/baomidou/mybatis-plus-generator/3.0.5/mybatis-plus-generator-3.0.5.jar:/Users/xiaoshengsen/repository/org/springframework/boot/spring-boot-autoconfigure/2.7.2/spring-boot-autoconfigure-2.7.2.jar:/Users/xiaoshengsen/repository/org/springframework/boot/spring-boot-starter-jdbc/2.7.2/spring-boot-starter-jdbc-2.7.2.jar:/Users/xiaoshengsen/repository/com/zaxxer/HikariCP/4.0.3/HikariCP-4.0.3.jar:/Users/xiaoshengsen/repository/org/springframework/spring-jdbc/5.3.22/spring-jdbc-5.3.22.jar:/Users/xiaoshengsen/repository/org/springframework/spring-tx/5.3.22/spring-tx-5.3.22.jar:/Users/xiaoshengsen/repository/org/springframework/boot/spring-boot-configuration-processor/2.7.2/spring-boot-configuration-processor-2.7.2.jar:/Users/xiaoshengsen/repository/org/apache/velocity/velocity-engine-core/2.0/velocity-engine-core-2.0.jar:/Users/xiaoshengsen/repository/org/apache/commons/commons-lang3/3.12.0/commons-lang3-3.12.0.jar:/Users/xiaoshengsen/repository/org/slf4j/slf4j-api/1.7.36/slf4j-api-1.7.36.jar:/Users/xiaoshengsen/repository/io/springfox/springfox-swagger2/2.7.0/springfox-swagger2-2.7.0.jar:/Users/xiaoshengsen/repository/io/swagger/swagger-annotations/1.5.13/swagger-annotations-1.5.13.jar:/Users/xiaoshengsen/repository/io/swagger/swagger-models/1.5.13/swagger-models-1.5.13.jar:/Users/xiaoshengsen/repository/com/fasterxml/jackson/core/jackson-annotations/2.13.3/jackson-annotations-2.13.3.jar:/Users/xiaoshengsen/repository/io/springfox/springfox-spi/2.7.0/springfox-spi-2.7.0.jar:/Users/xiaoshengsen/repository/io/springfox/springfox-core/2.7.0/springfox-core-2.7.0.jar:/Users/xiaoshengsen/repository/io/springfox/springfox-schema/2.7.0/springfox-schema-2.7.0.jar:/Users/xiaoshengsen/repository/io/springfox/springfox-swagger-common/2.7.0/springfox-swagger-common-2.7.0.jar:/Users/xiaoshengsen/repository/io/springfox/springfox-spring-web/2.7.0/springfox-spring-web-2.7.0.jar:/Users/xiaoshengsen/repository/org/reflections/reflections/0.9.11/reflections-0.9.11.jar:/Users/xiaoshengsen/repository/org/javassist/javassist/3.21.0-GA/javassist-3.21.0-GA.jar:/Users/xiaoshengsen/repository/com/google/guava/guava/18.0/guava-18.0.jar:/Users/xiaoshengsen/repository/com/fasterxml/classmate/1.5.1/classmate-1.5.1.jar:/Users/xiaoshengsen/repository/org/springframework/plugin/spring-plugin-core/1.2.0.RELEASE/spring-plugin-core-1.2.0.RELEASE.jar:/Users/xiaoshengsen/repository/org/springframework/plugin/spring-plugin-metadata/1.2.0.RELEASE/spring-plugin-metadata-1.2.0.RELEASE.jar:/Users/xiaoshengsen/repository/org/mapstruct/mapstruct/1.1.0.Final/mapstruct-1.1.0.Final.jar:/Users/xiaoshengsen/repository/io/springfox/springfox-swagger-ui/2.7.0/springfox-swagger-ui-2.7.0.jar:/Users/xiaoshengsen/repository/org/apache/tomcat/embed/tomcat-embed-core/9.0.65/tomcat-embed-core-9.0.65.jar:/Users/xiaoshengsen/repository/org/apache/tomcat/tomcat-annotations-api/9.0.65/tomcat-annotations-api-9.0.65.jar:/Users/xiaoshengsen/repository/org/springframework/boot/spring-boot-devtools/2.7.2/spring-boot-devtools-2.7.2.jar:/Users/xiaoshengsen/repository/org/springframework/boot/spring-boot/2.7.2/spring-boot-2.7.2.jar:/Users/xiaoshengsen/repository/mysql/mysql-connector-java/8.0.29/mysql-connector-java-8.0.29.jar:/Users/xiaoshengsen/repository/org/projectlombok/lombok/1.18.24/lombok-1.18.24.jar:/Users/xiaoshengsen/repository/org/springframework/boot/spring-boot-starter-test/2.7.2/spring-boot-starter-test-2.7.2.jar:/Users/xiaoshengsen/repository/org/springframework/boot/spring-boot-test/2.7.2/spring-boot-test-2.7.2.jar:/Users/xiaoshengsen/repository/org/springframework/boot/spring-boot-test-autoconfigure/2.7.2/spring-boot-test-autoconfigure-2.7.2.jar:/Users/xiaoshengsen/repository/com/jayway/jsonpath/json-path/2.7.0/json-path-2.7.0.jar:/Users/xiaoshengsen/repository/net/minidev/json-smart/2.4.8/json-smart-2.4.8.jar:/Users/xiaoshengsen/repository/net/minidev/accessors-smart/2.4.8/accessors-smart-2.4.8.jar:/Users/xiaoshengsen/repository/org/ow2/asm/asm/9.1/asm-9.1.jar:/Users/xiaoshengsen/repository/jakarta/xml/bind/jakarta.xml.bind-api/2.3.3/jakarta.xml.bind-api-2.3.3.jar:/Users/xiaoshengsen/repository/jakarta/activation/jakarta.activation-api/1.2.2/jakarta.activation-api-1.2.2.jar:/Users/xiaoshengsen/repository/org/assertj/assertj-core/3.22.0/assertj-core-3.22.0.jar:/Users/xiaoshengsen/repository/org/hamcrest/hamcrest/2.2/hamcrest-2.2.jar:/Users/xiaoshengsen/repository/org/junit/jupiter/junit-jupiter/5.8.2/junit-jupiter-5.8.2.jar:/Users/xiaoshengsen/repository/org/junit/jupiter/junit-jupiter-api/5.8.2/junit-jupiter-api-5.8.2.jar:/Users/xiaoshengsen/repository/org/opentest4j/opentest4j/1.2.0/opentest4j-1.2.0.jar:/Users/xiaoshengsen/repository/org/junit/platform/junit-platform-commons/1.8.2/junit-platform-commons-1.8.2.jar:/Users/xiaoshengsen/repository/org/apiguardian/apiguardian-api/1.1.2/apiguardian-api-1.1.2.jar:/Users/xiaoshengsen/repository/org/junit/jupiter/junit-jupiter-params/5.8.2/junit-jupiter-params-5.8.2.jar:/Users/xiaoshengsen/repository/org/junit/jupiter/junit-jupiter-engine/5.8.2/junit-jupiter-engine-5.8.2.jar:/Users/xiaoshengsen/repository/org/junit/platform/junit-platform-engine/1.8.2/junit-platform-engine-1.8.2.jar:/Users/xiaoshengsen/repository/org/mockito/mockito-core/4.5.1/mockito-core-4.5.1.jar:/Users/xiaoshengsen/repository/net/bytebuddy/byte-buddy/1.12.12/byte-buddy-1.12.12.jar:/Users/xiaoshengsen/repository/net/bytebuddy/byte-buddy-agent/1.12.12/byte-buddy-agent-1.12.12.jar:/Users/xiaoshengsen/repository/org/objenesis/objenesis/3.2/objenesis-3.2.jar:/Users/xiaoshengsen/repository/org/mockito/mockito-junit-jupiter/4.5.1/mockito-junit-jupiter-4.5.1.jar:/Users/xiaoshengsen/repository/org/skyscreamer/jsonassert/1.5.1/jsonassert-1.5.1.jar:/Users/xiaoshengsen/repository/com/vaadin/external/google/android-json/0.0.20131108.vaadin1/android-json-0.0.20131108.vaadin1.jar:/Users/xiaoshengsen/repository/org/springframework/spring-core/5.3.22/spring-core-5.3.22.jar:/Users/xiaoshengsen/repository/org/springframework/spring-jcl/5.3.22/spring-jcl-5.3.22.jar:/Users/xiaoshengsen/repository/org/springframework/spring-test/5.3.22/spring-test-5.3.22.jar:/Users/xiaoshengsen/repository/org/xmlunit/xmlunit-core/2.9.0/xmlunit-core-2.9.0.jar:"/>
    <property name="https.proxyPort" value="7890"/>
    <property name="java.vm.vendor" value="Oracle Corporation"/>
    <property name="sun.arch.data.model" value="64"/>
    <property name="java.vendor.url" value="http://java.oracle.com/"/>
    <property name="user.timezone" value=""/>
    <property name="java.vm.specification.version" value="1.8"/>
    <property name="os.name" value="Mac OS X"/>
    <property name="user.country" value="CN"/>
    <property name="sun.java.launcher" value="SUN_STANDARD"/>
    <property name="sun.boot.library.path" value="/Library/Java/JavaVirtualMachines/jdk1.8.0_333.jdk/Contents/Home/jre/lib"/>
    <property name="sun.java.command" value="/Users/xiaoshengsen/Downloads/GitHub/dorm_sb/target/surefire/surefirebooter7463596128386569311.jar /Users/xiaoshengsen/Downloads/GitHub/dorm_sb/target/surefire 2022-07-25T22-09-12_353-jvmRun1 surefire3001069336370434947tmp surefire_06696557226811649956tmp"/>
    <property name="http.nonProxyHosts" value="192.168.0.0/16|*.192.168.0.0/16|10.0.0.0/8|*.10.0.0.0/8|172.16.0.0/12|*.172.16.0.0/12|127.0.0.1|localhost|*.localhost|local|*.local|timestamp.apple.com|*.timestamp.apple.com"/>
    <property name="surefire.test.class.path" value="/Users/xiaoshengsen/Downloads/GitHub/dorm_sb/target/test-classes:/Users/xiaoshengsen/Downloads/GitHub/dorm_sb/target/classes:/Users/xiaoshengsen/repository/org/springframework/boot/spring-boot-starter-web/2.7.2/spring-boot-starter-web-2.7.2.jar:/Users/xiaoshengsen/repository/org/springframework/boot/spring-boot-starter/2.7.2/spring-boot-starter-2.7.2.jar:/Users/xiaoshengsen/repository/org/springframework/boot/spring-boot-starter-logging/2.7.2/spring-boot-starter-logging-2.7.2.jar:/Users/xiaoshengsen/repository/ch/qos/logback/logback-classic/1.2.11/logback-classic-1.2.11.jar:/Users/xiaoshengsen/repository/ch/qos/logback/logback-core/1.2.11/logback-core-1.2.11.jar:/Users/xiaoshengsen/repository/org/apache/logging/log4j/log4j-to-slf4j/2.17.2/log4j-to-slf4j-2.17.2.jar:/Users/xiaoshengsen/repository/org/apache/logging/log4j/log4j-api/2.17.2/log4j-api-2.17.2.jar:/Users/xiaoshengsen/repository/org/slf4j/jul-to-slf4j/1.7.36/jul-to-slf4j-1.7.36.jar:/Users/xiaoshengsen/repository/jakarta/annotation/jakarta.annotation-api/1.3.5/jakarta.annotation-api-1.3.5.jar:/Users/xiaoshengsen/repository/org/yaml/snakeyaml/1.30/snakeyaml-1.30.jar:/Users/xiaoshengsen/repository/org/springframework/boot/spring-boot-starter-json/2.7.2/spring-boot-starter-json-2.7.2.jar:/Users/xiaoshengsen/repository/com/fasterxml/jackson/core/jackson-databind/2.13.3/jackson-databind-2.13.3.jar:/Users/xiaoshengsen/repository/com/fasterxml/jackson/core/jackson-core/2.13.3/jackson-core-2.13.3.jar:/Users/xiaoshengsen/repository/com/fasterxml/jackson/datatype/jackson-datatype-jdk8/2.13.3/jackson-datatype-jdk8-2.13.3.jar:/Users/xiaoshengsen/repository/com/fasterxml/jackson/datatype/jackson-datatype-jsr310/2.13.3/jackson-datatype-jsr310-2.13.3.jar:/Users/xiaoshengsen/repository/com/fasterxml/jackson/module/jackson-module-parameter-names/2.13.3/jackson-module-parameter-names-2.13.3.jar:/Users/xiaoshengsen/repository/org/springframework/boot/spring-boot-starter-tomcat/2.7.2/spring-boot-starter-tomcat-2.7.2.jar:/Users/xiaoshengsen/repository/org/apache/tomcat/embed/tomcat-embed-el/9.0.65/tomcat-embed-el-9.0.65.jar:/Users/xiaoshengsen/repository/org/apache/tomcat/embed/tomcat-embed-websocket/9.0.65/tomcat-embed-websocket-9.0.65.jar:/Users/xiaoshengsen/repository/org/springframework/spring-web/5.3.22/spring-web-5.3.22.jar:/Users/xiaoshengsen/repository/org/springframework/spring-beans/5.3.22/spring-beans-5.3.22.jar:/Users/xiaoshengsen/repository/org/springframework/spring-webmvc/5.3.22/spring-webmvc-5.3.22.jar:/Users/xiaoshengsen/repository/org/springframework/spring-aop/5.3.22/spring-aop-5.3.22.jar:/Users/xiaoshengsen/repository/org/springframework/spring-context/5.3.22/spring-context-5.3.22.jar:/Users/xiaoshengsen/repository/org/springframework/spring-expression/5.3.22/spring-expression-5.3.22.jar:/Users/xiaoshengsen/repository/com/baomidou/mybatis-plus-boot-starter/3.0.5/mybatis-plus-boot-starter-3.0.5.jar:/Users/xiaoshengsen/repository/com/baomidou/mybatis-plus/3.0.5/mybatis-plus-3.0.5.jar:/Users/xiaoshengsen/repository/com/baomidou/mybatis-plus-extension/3.0.5/mybatis-plus-extension-3.0.5.jar:/Users/xiaoshengsen/repository/com/baomidou/mybatis-plus-core/3.0.5/mybatis-plus-core-3.0.5.jar:/Users/xiaoshengsen/repository/com/baomidou/mybatis-plus-annotation/3.0.5/mybatis-plus-annotation-3.0.5.jar:/Users/xiaoshengsen/repository/com/github/jsqlparser/jsqlparser/1.2/jsqlparser-1.2.jar:/Users/xiaoshengsen/repository/org/mybatis/mybatis-spring/1.3.2/mybatis-spring-1.3.2.jar:/Users/xiaoshengsen/repository/org/mybatis/mybatis/3.4.6/mybatis-3.4.6.jar:/Users/xiaoshengsen/repository/com/baomidou/mybatis-plus-generator/3.0.5/mybatis-plus-generator-3.0.5.jar:/Users/xiaoshengsen/repository/org/springframework/boot/spring-boot-autoconfigure/2.7.2/spring-boot-autoconfigure-2.7.2.jar:/Users/xiaoshengsen/repository/org/springframework/boot/spring-boot-starter-jdbc/2.7.2/spring-boot-starter-jdbc-2.7.2.jar:/Users/xiaoshengsen/repository/com/zaxxer/HikariCP/4.0.3/HikariCP-4.0.3.jar:/Users/xiaoshengsen/repository/org/springframework/spring-jdbc/5.3.22/spring-jdbc-5.3.22.jar:/Users/xiaoshengsen/repository/org/springframework/spring-tx/5.3.22/spring-tx-5.3.22.jar:/Users/xiaoshengsen/repository/org/springframework/boot/spring-boot-configuration-processor/2.7.2/spring-boot-configuration-processor-2.7.2.jar:/Users/xiaoshengsen/repository/org/apache/velocity/velocity-engine-core/2.0/velocity-engine-core-2.0.jar:/Users/xiaoshengsen/repository/org/apache/commons/commons-lang3/3.12.0/commons-lang3-3.12.0.jar:/Users/xiaoshengsen/repository/org/slf4j/slf4j-api/1.7.36/slf4j-api-1.7.36.jar:/Users/xiaoshengsen/repository/io/springfox/springfox-swagger2/2.7.0/springfox-swagger2-2.7.0.jar:/Users/xiaoshengsen/repository/io/swagger/swagger-annotations/1.5.13/swagger-annotations-1.5.13.jar:/Users/xiaoshengsen/repository/io/swagger/swagger-models/1.5.13/swagger-models-1.5.13.jar:/Users/xiaoshengsen/repository/com/fasterxml/jackson/core/jackson-annotations/2.13.3/jackson-annotations-2.13.3.jar:/Users/xiaoshengsen/repository/io/springfox/springfox-spi/2.7.0/springfox-spi-2.7.0.jar:/Users/xiaoshengsen/repository/io/springfox/springfox-core/2.7.0/springfox-core-2.7.0.jar:/Users/xiaoshengsen/repository/io/springfox/springfox-schema/2.7.0/springfox-schema-2.7.0.jar:/Users/xiaoshengsen/repository/io/springfox/springfox-swagger-common/2.7.0/springfox-swagger-common-2.7.0.jar:/Users/xiaoshengsen/repository/io/springfox/springfox-spring-web/2.7.0/springfox-spring-web-2.7.0.jar:/Users/xiaoshengsen/repository/org/reflections/reflections/0.9.11/reflections-0.9.11.jar:/Users/xiaoshengsen/repository/org/javassist/javassist/3.21.0-GA/javassist-3.21.0-GA.jar:/Users/xiaoshengsen/repository/com/google/guava/guava/18.0/guava-18.0.jar:/Users/xiaoshengsen/repository/com/fasterxml/classmate/1.5.1/classmate-1.5.1.jar:/Users/xiaoshengsen/repository/org/springframework/plugin/spring-plugin-core/1.2.0.RELEASE/spring-plugin-core-1.2.0.RELEASE.jar:/Users/xiaoshengsen/repository/org/springframework/plugin/spring-plugin-metadata/1.2.0.RELEASE/spring-plugin-metadata-1.2.0.RELEASE.jar:/Users/xiaoshengsen/repository/org/mapstruct/mapstruct/1.1.0.Final/mapstruct-1.1.0.Final.jar:/Users/xiaoshengsen/repository/io/springfox/springfox-swagger-ui/2.7.0/springfox-swagger-ui-2.7.0.jar:/Users/xiaoshengsen/repository/org/apache/tomcat/embed/tomcat-embed-core/9.0.65/tomcat-embed-core-9.0.65.jar:/Users/xiaoshengsen/repository/org/apache/tomcat/tomcat-annotations-api/9.0.65/tomcat-annotations-api-9.0.65.jar:/Users/xiaoshengsen/repository/org/springframework/boot/spring-boot-devtools/2.7.2/spring-boot-devtools-2.7.2.jar:/Users/xiaoshengsen/repository/org/springframework/boot/spring-boot/2.7.2/spring-boot-2.7.2.jar:/Users/xiaoshengsen/repository/mysql/mysql-connector-java/8.0.29/mysql-connector-java-8.0.29.jar:/Users/xiaoshengsen/repository/org/projectlombok/lombok/1.18.24/lombok-1.18.24.jar:/Users/xiaoshengsen/repository/org/springframework/boot/spring-boot-starter-test/2.7.2/spring-boot-starter-test-2.7.2.jar:/Users/xiaoshengsen/repository/org/springframework/boot/spring-boot-test/2.7.2/spring-boot-test-2.7.2.jar:/Users/xiaoshengsen/repository/org/springframework/boot/spring-boot-test-autoconfigure/2.7.2/spring-boot-test-autoconfigure-2.7.2.jar:/Users/xiaoshengsen/repository/com/jayway/jsonpath/json-path/2.7.0/json-path-2.7.0.jar:/Users/xiaoshengsen/repository/net/minidev/json-smart/2.4.8/json-smart-2.4.8.jar:/Users/xiaoshengsen/repository/net/minidev/accessors-smart/2.4.8/accessors-smart-2.4.8.jar:/Users/xiaoshengsen/repository/org/ow2/asm/asm/9.1/asm-9.1.jar:/Users/xiaoshengsen/repository/jakarta/xml/bind/jakarta.xml.bind-api/2.3.3/jakarta.xml.bind-api-2.3.3.jar:/Users/xiaoshengsen/repository/jakarta/activation/jakarta.activation-api/1.2.2/jakarta.activation-api-1.2.2.jar:/Users/xiaoshengsen/repository/org/assertj/assertj-core/3.22.0/assertj-core-3.22.0.jar:/Users/xiaoshengsen/repository/org/hamcrest/hamcrest/2.2/hamcrest-2.2.jar:/Users/xiaoshengsen/repository/org/junit/jupiter/junit-jupiter/5.8.2/junit-jupiter-5.8.2.jar:/Users/xiaoshengsen/repository/org/junit/jupiter/junit-jupiter-api/5.8.2/junit-jupiter-api-5.8.2.jar:/Users/xiaoshengsen/repository/org/opentest4j/opentest4j/1.2.0/opentest4j-1.2.0.jar:/Users/xiaoshengsen/repository/org/junit/platform/junit-platform-commons/1.8.2/junit-platform-commons-1.8.2.jar:/Users/xiaoshengsen/repository/org/apiguardian/apiguardian-api/1.1.2/apiguardian-api-1.1.2.jar:/Users/xiaoshengsen/repository/org/junit/jupiter/junit-jupiter-params/5.8.2/junit-jupiter-params-5.8.2.jar:/Users/xiaoshengsen/repository/org/junit/jupiter/junit-jupiter-engine/5.8.2/junit-jupiter-engine-5.8.2.jar:/Users/xiaoshengsen/repository/org/junit/platform/junit-platform-engine/1.8.2/junit-platform-engine-1.8.2.jar:/Users/xiaoshengsen/repository/org/mockito/mockito-core/4.5.1/mockito-core-4.5.1.jar:/Users/xiaoshengsen/repository/net/bytebuddy/byte-buddy/1.12.12/byte-buddy-1.12.12.jar:/Users/xiaoshengsen/repository/net/bytebuddy/byte-buddy-agent/1.12.12/byte-buddy-agent-1.12.12.jar:/Users/xiaoshengsen/repository/org/objenesis/objenesis/3.2/objenesis-3.2.jar:/Users/xiaoshengsen/repository/org/mockito/mockito-junit-jupiter/4.5.1/mockito-junit-jupiter-4.5.1.jar:/Users/xiaoshengsen/repository/org/skyscreamer/jsonassert/1.5.1/jsonassert-1.5.1.jar:/Users/xiaoshengsen/repository/com/vaadin/external/google/android-json/0.0.20131108.vaadin1/android-json-0.0.20131108.vaadin1.jar:/Users/xiaoshengsen/repository/org/springframework/spring-core/5.3.22/spring-core-5.3.22.jar:/Users/xiaoshengsen/repository/org/springframework/spring-jcl/5.3.22/spring-jcl-5.3.22.jar:/Users/xiaoshengsen/repository/org/springframework/spring-test/5.3.22/spring-test-5.3.22.jar:/Users/xiaoshengsen/repository/org/xmlunit/xmlunit-core/2.9.0/xmlunit-core-2.9.0.jar:"/>
    <property name="sun.cpu.endian" value="little"/>
    <property name="user.home" value="/Users/xiaoshengsen"/>
    <property name="user.language" value="en"/>
    <property name="java.specification.vendor" value="Oracle Corporation"/>
    <property name="java.home" value="/Library/Java/JavaVirtualMachines/jdk1.8.0_333.jdk/Contents/Home/jre"/>
    <property name="basedir" value="/Users/xiaoshengsen/Downloads/GitHub/dorm_sb"/>
    <property name="https.proxyHost" value="127.0.0.1"/>
    <property name="file.separator" value="/"/>
    <property name="line.separator" value="&#10;"/>
    <property name="java.vm.specification.vendor" value="Oracle Corporation"/>
    <property name="java.specification.name" value="Java Platform API Specification"/>
    <property name="java.awt.graphicsenv" value="sun.awt.CGraphicsEnvironment"/>
    <property name="surefire.real.class.path" value="/Users/xiaoshengsen/Downloads/GitHub/dorm_sb/target/surefire/surefirebooter7463596128386569311.jar"/>
    <property name="sun.boot.class.path" value="/Library/Java/JavaVirtualMachines/jdk1.8.0_333.jdk/Contents/Home/jre/lib/resources.jar:/Library/Java/JavaVirtualMachines/jdk1.8.0_333.jdk/Contents/Home/jre/lib/rt.jar:/Library/Java/JavaVirtualMachines/jdk1.8.0_333.jdk/Contents/Home/jre/lib/sunrsasign.jar:/Library/Java/JavaVirtualMachines/jdk1.8.0_333.jdk/Contents/Home/jre/lib/jsse.jar:/Library/Java/JavaVirtualMachines/jdk1.8.0_333.jdk/Contents/Home/jre/lib/jce.jar:/Library/Java/JavaVirtualMachines/jdk1.8.0_333.jdk/Contents/Home/jre/lib/charsets.jar:/Library/Java/JavaVirtualMachines/jdk1.8.0_333.jdk/Contents/Home/jre/lib/jfr.jar:/Library/Java/JavaVirtualMachines/jdk1.8.0_333.jdk/Contents/Home/jre/classes"/>
    <property name="sun.management.compiler" value="HotSpot 64-Bit Tiered Compilers"/>
    <property name="ftp.nonProxyHosts" value="192.168.0.0/16|*.192.168.0.0/16|10.0.0.0/8|*.10.0.0.0/8|172.16.0.0/12|*.172.16.0.0/12|127.0.0.1|localhost|*.localhost|local|*.local|timestamp.apple.com|*.timestamp.apple.com"/>
    <property name="java.runtime.version" value="1.8.0_333-b02"/>
    <property name="user.name" value="xiaoshengsen"/>
    <property name="path.separator" value=":"/>
    <property name="os.version" value="12.4"/>
    <property name="java.endorsed.dirs" value="/Library/Java/JavaVirtualMachines/jdk1.8.0_333.jdk/Contents/Home/jre/lib/endorsed"/>
    <property name="java.runtime.name" value="Java(TM) SE Runtime Environment"/>
    <property name="file.encoding" value="UTF-8"/>
    <property name="java.vm.name" value="Java HotSpot(TM) 64-Bit Server VM"/>
    <property name="localRepository" value="/Users/xiaoshengsen/repository"/>
    <property name="java.vendor.url.bug" value="http://bugreport.sun.com/bugreport/"/>
    <property name="java.io.tmpdir" value="/var/folders/dt/ksrkps756rz3f44p_6435sx80000gn/T/"/>
    <property name="idea.version" value="2021.2.3"/>
    <property name="java.version" value="1.8.0_333"/>
    <property name="user.dir" value="/Users/xiaoshengsen/Downloads/GitHub/dorm_sb"/>
    <property name="os.arch" value="x86_64"/>
    <property name="socksProxyPort" value="7890"/>
    <property name="java.vm.specification.name" value="Java Virtual Machine Specification"/>
    <property name="java.awt.printerjob" value="sun.lwawt.macosx.CPrinterJob"/>
    <property name="sun.os.patch.level" value="unknown"/>
    <property name="java.library.path" value="/Users/xiaoshengsen/Library/Java/Extensions:/Library/Java/Extensions:/Network/Library/Java/Extensions:/System/Library/Java/Extensions:/usr/lib/java:."/>
    <property name="java.vm.info" value="mixed mode"/>
    <property name="java.vendor" value="Oracle Corporation"/>
    <property name="java.vm.version" value="25.333-b02"/>
    <property name="java.ext.dirs" value="/Users/xiaoshengsen/Library/Java/Extensions:/Library/Java/JavaVirtualMachines/jdk1.8.0_333.jdk/Contents/Home/jre/lib/ext:/Library/Java/Extensions:/Network/Library/Java/Extensions:/System/Library/Java/Extensions:/usr/lib/java"/>
    <property name="sun.io.unicode.encoding" value="UnicodeBig"/>
    <property name="java.class.version" value="52.0"/>
    <property name="socksNonProxyHosts" value="192.168.0.0/16|*.192.168.0.0/16|10.0.0.0/8|*.10.0.0.0/8|172.16.0.0/12|*.172.16.0.0/12|127.0.0.1|localhost|*.localhost|local|*.local|timestamp.apple.com|*.timestamp.apple.com"/>
    <property name="http.proxyPort" value="7890"/>
  </properties>
  <testcase name="contextLoads" classname="ml.ulinom.dorm.DormApplicationTests" time="0.32"/>
</testsuite>